Using pre-set license
Built from '2021.3/staging' branch; Version is '2021.3.19f1 (c9714fde33b6) revision 13201743'; Using compiler version '192829333'; Build Type 'Release'
OS: 'Windows 11  (10.0.22621) 64bit Professional' Language: 'ko' Physical Memory: 31997 MB
BatchMode: 1, IsHumanControllingUs: 0, StartBugReporterOnCrash: 0, Is64bit: 1, IsPro: 1

COMMAND LINE ARGUMENTS:
C:\Program Files\Unity\Hub\Editor\2021.3.19f1\Editor\Unity.exe
-adb2
-batchMode
-noUpm
-name
AssetImportWorker4
-projectPath
C:/Users/user/Desktop/answn4450/Unity3D/heightmap
-logFile
Logs/AssetImportWorker4.log
-srvPort
50801
Successfully changed project path to: C:/Users/user/Desktop/answn4450/Unity3D/heightmap
C:/Users/user/Desktop/answn4450/Unity3D/heightmap
[UnityMemory] Configuration Parameters - Can be set up in boot.config
    "memorysetup-bucket-allocator-granularity=16"
    "memorysetup-bucket-allocator-bucket-count=8"
    "memorysetup-bucket-allocator-block-size=33554432"
    "memorysetup-bucket-allocator-block-count=8"
    "memorysetup-main-allocator-block-size=16777216"
    "memorysetup-thread-allocator-block-size=16777216"
    "memorysetup-gfx-main-allocator-block-size=16777216"
    "memorysetup-gfx-thread-allocator-block-size=16777216"
    "memorysetup-cache-allocator-block-size=4194304"
    "memorysetup-typetree-allocator-block-size=2097152"
    "memorysetup-profiler-bucket-allocator-granularity=16"
    "memorysetup-profiler-bucket-allocator-bucket-count=8"
    "memorysetup-profiler-bucket-allocator-block-size=33554432"
    "memorysetup-profiler-bucket-allocator-block-count=8"
    "memorysetup-profiler-allocator-block-size=16777216"
    "memorysetup-profiler-editor-allocator-block-size=1048576"
    "memorysetup-temp-allocator-size-main=16777216"
    "memorysetup-job-temp-allocator-block-size=2097152"
    "memorysetup-job-temp-allocator-block-size-background=1048576"
    "memorysetup-job-temp-allocator-reduction-small-platforms=262144"
    "memorysetup-temp-allocator-size-background-worker=32768"
    "memorysetup-temp-allocator-size-job-worker=262144"
    "memorysetup-temp-allocator-size-preload-manager=33554432"
    "memorysetup-temp-allocator-size-nav-mesh-worker=65536"
    "memorysetup-temp-allocator-size-audio-worker=65536"
    "memorysetup-temp-allocator-size-cloud-worker=32768"
    "memorysetup-temp-allocator-size-gi-baking-worker=262144"
    "memorysetup-temp-allocator-size-gfx=262144"
Player connection [28784] Host "[IP] 172.30.1.88 [Port] 0 [Flags] 2 [Guid] 2599267912 [EditorId] 2599267912 [Version] 1048832 [Id] WindowsEditor(7,DESKTOP-2SS90UE) [Debug] 1 [PackageName] WindowsEditor [ProjectName] Editor" joined multi-casting on [225.0.0.222:54997]...

Player connection [28784] Host "[IP] 172.30.1.88 [Port] 0 [Flags] 2 [Guid] 2599267912 [EditorId] 2599267912 [Version] 1048832 [Id] WindowsEditor(7,DESKTOP-2SS90UE) [Debug] 1 [PackageName] WindowsEditor [ProjectName] Editor" joined alternative multi-casting on [225.0.0.222:34997]...

Refreshing native plugins compatible for Editor in 87.31 ms, found 3 plugins.
Preloading 0 native plugins for Editor in 0.00 ms.
Initialize engine version: 2021.3.19f1 (c9714fde33b6)
[Subsystems] Discovering subsystems at path C:/Program Files/Unity/Hub/Editor/2021.3.19f1/Editor/Data/Resources/UnitySubsystems
[Subsystems] Discovering subsystems at path C:/Users/user/Desktop/answn4450/Unity3D/heightmap/Assets
GfxDevice: creating device client; threaded=0; jobified=0
Direct3D:
    Version:  Direct3D 11.0 [level 11.1]
    Renderer: NVIDIA GeForce RTX 3070 Laptop GPU (ID=0x249d)
    Vendor:   NVIDIA
    VRAM:     8044 MB
    Driver:   31.0.15.1691
Initialize mono
Mono path[0] = 'C:/Program Files/Unity/Hub/Editor/2021.3.19f1/Editor/Data/Managed'
Mono path[1] = 'C:/Program Files/Unity/Hub/Editor/2021.3.19f1/Editor/Data/MonoBleedingEdge/lib/mono/unityjit-win32'
Mono config path = 'C:/Program Files/Unity/Hub/Editor/2021.3.19f1/Editor/Data/MonoBleedingEdge/etc'
Using monoOptions --debugger-agent=transport=dt_socket,embedding=1,server=y,suspend=n,address=127.0.0.1:56616
Begin MonoManager ReloadAssembly
Registering precompiled unity dll's ...
Register platform support module: C:/Program Files/Unity/Hub/Editor/2021.3.19f1/Editor/Data/PlaybackEngines/AndroidPlayer/UnityEditor.Android.Extensions.dll
Register platform support module: C:/Program Files/Unity/Hub/Editor/2021.3.19f1/Editor/Data/PlaybackEngines/WindowsStandaloneSupport/UnityEditor.WindowsStandalone.Extensions.dll
Registered in 0.003882 seconds.
Native extension for WindowsStandalone target not found
Native extension for Android target not found
Android Extension - Scanning For ADB Devices 244 ms
Refreshing native plugins compatible for Editor in 81.71 ms, found 3 plugins.
Preloading 0 native plugins for Editor in 0.00 ms.
Mono: successfully reloaded assembly
- Completed reload, in  0.834 seconds
Domain Reload Profiling:
	ReloadAssembly (835ms)
		BeginReloadAssembly (58ms)
			ExecutionOrderSort (0ms)
			DisableScriptedObjects (0ms)
			BackupInstance (0ms)
			ReleaseScriptingObjects (0ms)
			CreateAndSetChildDomain (1ms)
		EndReloadAssembly (686ms)
			LoadAssemblies (57ms)
			RebuildTransferFunctionScriptingTraits (0ms)
			SetupTypeCache (91ms)
			ReleaseScriptCaches (0ms)
			RebuildScriptCaches (26ms)
			SetupLoadedEditorAssemblies (521ms)
				LogAssemblyErrors (0ms)
				InitializePlatformSupportModulesInManaged (308ms)
				SetLoadedEditorAssemblies (0ms)
				RefreshPlugins (82ms)
				BeforeProcessingInitializeOnLoad (1ms)
				ProcessInitializeOnLoadAttributes (81ms)
				ProcessInitializeOnLoadMethodAttributes (49ms)
				AfterProcessingInitializeOnLoad (0ms)
				EditorAssembliesLoaded (0ms)
			ExecutionOrderSort2 (0ms)
			AwakeInstancesAfterBackupRestoration (0ms)
Platform modules already initialized, skipping
Registering precompiled user dll's ...
Registered in 0.010943 seconds.
Begin MonoManager ReloadAssembly
Symbol file LoadedFromMemory doesn't match image C:\Users\user\Desktop\answn4450\Unity3D\heightmap\Library\PackageCache\com.unity.visualscripting@1.8.0\Editor\VisualScripting.Core\Dependencies\YamlDotNet\Unity.VisualScripting.YamlDotNet.dll
Symbol file LoadedFromMemory doesn't match image C:\Users\user\Desktop\answn4450\Unity3D\heightmap\Library\PackageCache\com.unity.visualscripting@1.8.0\Editor\VisualScripting.Core\Dependencies\DotNetZip\Unity.VisualScripting.IonicZip.dll
Native extension for WindowsStandalone target not found
Native extension for Android target not found
Refreshing native plugins compatible for Editor in 95.74 ms, found 3 plugins.
Preloading 0 native plugins for Editor in 0.00 ms.
Mono: successfully reloaded assembly
- Completed reload, in  1.120 seconds
Domain Reload Profiling:
	ReloadAssembly (1121ms)
		BeginReloadAssembly (102ms)
			ExecutionOrderSort (0ms)
			DisableScriptedObjects (5ms)
			BackupInstance (0ms)
			ReleaseScriptingObjects (0ms)
			CreateAndSetChildDomain (19ms)
		EndReloadAssembly (912ms)
			LoadAssemblies (78ms)
			RebuildTransferFunctionScriptingTraits (0ms)
			SetupTypeCache (212ms)
			ReleaseScriptCaches (1ms)
			RebuildScriptCaches (44ms)
			SetupLoadedEditorAssemblies (458ms)
				LogAssemblyErrors (0ms)
				InitializePlatformSupportModulesInManaged (16ms)
				SetLoadedEditorAssemblies (0ms)
				RefreshPlugins (96ms)
				BeforeProcessingInitializeOnLoad (84ms)
				ProcessInitializeOnLoadAttributes (202ms)
				ProcessInitializeOnLoadMethodAttributes (56ms)
				AfterProcessingInitializeOnLoad (4ms)
				EditorAssembliesLoaded (0ms)
			ExecutionOrderSort2 (0ms)
			AwakeInstancesAfterBackupRestoration (5ms)
Platform modules already initialized, skipping
========================================================================
Worker process is ready to serve import requests
Launched and connected shader compiler UnityShaderCompiler.exe after 0.04 seconds
Refreshing native plugins compatible for Editor in 1.20 ms, found 3 plugins.
Preloading 0 native plugins for Editor in 0.00 ms.
Unloading 3109 Unused Serialized files (Serialized files now loaded: 0)
Unloading 42 unused Assets / (1.8 MB). Loaded Objects now: 3622.
Memory consumption went from 142.8 MB to 141.0 MB.
Total: 4.548400 ms (FindLiveObjects: 0.405400 ms CreateObjectMapping: 0.348500 ms MarkObjects: 3.217300 ms  DeleteObjects: 0.575800 ms)

AssetImportParameters requested are different than current active one (requested -> active):
  custom:video-decoder-ogg-theora: a1e56fd34408186e4bbccfd4996cb3dc -> 
  custom:container-muxer-webm: aa71ff27fc2769a1b78a27578f13a17b -> 
  custom:container-demuxer-webm: 4f35f7cbe854078d1ac9338744f61a02 -> 
  custom:video-encoder-webm-vp8: eb34c28f22e8b96e1ab97ce403110664 -> 
  custom:audio-encoder-webm-vorbis: bf7c407c2cedff20999df2af8eb42d56 -> 
  custom:framework-win-MediaFoundation: 216162199b28c13a410421893ffa2e32 -> 
  custom:container-demuxer-ogg: 62fdf1f143b41e24485cea50d1cbac27 -> 
  custom:video-decoder-webm-vp8: 9c59270c3fd7afecdb556c50c9e8de78 -> 
  custom:audio-decoder-ogg-vorbis: bf7c407c2cedff20999df2af8eb42d56 -> 
========================================================================
Received Import Request.
  Time since last request: 9442.376508 seconds.
  path: Assets/99.Resource/150 Fantasy Skill Icons/Sprites/110-Yellow-Potion.png
  artifactKey: Guid(338766860e7104c7da0c9077a4cfad71) Importer(815301076,1909f56bfc062723c751e8b465ee728b)
Start importing Assets/99.Resource/150 Fantasy Skill Icons/Sprites/110-Yellow-Potion.png using Guid(338766860e7104c7da0c9077a4cfad71) Importer(815301076,1909f56bfc062723c751e8b465ee728b)  -> (artifact id: '4c886ea50ec6c0cd393aa235b7018f3d') in 0.132294 seconds 
========================================================================
Received Import Request.
  Time since last request: 0.000041 seconds.
  path: Assets/Visual Design Cafe/Nature Renderer Demo/Realistic/Art/Trees/Source Assets/Bark_Color.tif
  artifactKey: Guid(877e214aa51fdc743b16177e0438bc29) Importer(815301076,1909f56bfc062723c751e8b465ee728b)
Start importing Assets/Visual Design Cafe/Nature Renderer Demo/Realistic/Art/Trees/Source Assets/Bark_Color.tif using Guid(877e214aa51fdc743b16177e0438bc29) Importer(815301076,1909f56bfc062723c751e8b465ee728b)  -> (artifact id: '7c75a94556052f6775f763628e440e57') in 0.017839 seconds 
========================================================================
Received Import Request.
  Time since last request: 0.000027 seconds.
  path: Assets/02.Package/Hocker/Worn wooden crate/Box/Prefabs/box_low (1).prefab
  artifactKey: Guid(79cd82e91b47bf945923fc34f3635b91) Importer(815301076,1909f56bfc062723c751e8b465ee728b)
Start importing Assets/02.Package/Hocker/Worn wooden crate/Box/Prefabs/box_low (1).prefab using Guid(79cd82e91b47bf945923fc34f3635b91) Importer(815301076,1909f56bfc062723c751e8b465ee728b)  -> (artifact id: 'a0832f494479dce9172f7971c62dbaf4') in 0.108955 seconds 
========================================================================
Received Import Request.
  Time since last request: 4.048565 seconds.
  path: Assets/02.Package/Old Sea Port/EffectExamples/Shared/Materials/wood_tiled_02_a.mat
  artifactKey: Guid(a1d86eb4530a9714c89fb095911b6dd5) Importer(815301076,1909f56bfc062723c751e8b465ee728b)
Start importing Assets/02.Package/Old Sea Port/EffectExamples/Shared/Materials/wood_tiled_02_a.mat using Guid(a1d86eb4530a9714c89fb095911b6dd5) Importer(815301076,1909f56bfc062723c751e8b465ee728b)  -> (artifact id: 'd42be27be07965f45b428dd711b1c885') in 0.036595 seconds 
========================================================================
Received Import Request.
  Time since last request: 191.227837 seconds.
  path: Assets/02.Package/Old Sea Port/Materials/dirt_1.mat
  artifactKey: Guid(6b22596700b66a84aa608b14c06f83a3) Importer(815301076,1909f56bfc062723c751e8b465ee728b)
Start importing Assets/02.Package/Old Sea Port/Materials/dirt_1.mat using Guid(6b22596700b66a84aa608b14c06f83a3) Importer(815301076,1909f56bfc062723c751e8b465ee728b)  -> (artifact id: 'c0d89910758b3f0b3d42701839898d29') in 0.022618 seconds 
========================================================================
Received Import Request.
  Time since last request: 156.265586 seconds.
  path: Assets/02.Package/RPG_FPS_game_assets_industrial/Assets_showcase_scene.unity
  artifactKey: Guid(a8f7c31154bcc5e409be7f1bb14f0b08) Importer(815301076,1909f56bfc062723c751e8b465ee728b)
Start importing Assets/02.Package/RPG_FPS_game_assets_industrial/Assets_showcase_scene.unity using Guid(a8f7c31154bcc5e409be7f1bb14f0b08) Importer(815301076,1909f56bfc062723c751e8b465ee728b)  -> (artifact id: 'e86b417cac7a3636ee798b864ac51671') in 0.010344 seconds 
========================================================================
Received Import Request.
  Time since last request: 89.885365 seconds.
  path: Assets/1.Scenes/Teamplay.unity
  artifactKey: Guid(0f7281e33f09c864b98ae2b0784ba773) Importer(815301076,1909f56bfc062723c751e8b465ee728b)
Start importing Assets/1.Scenes/Teamplay.unity using Guid(0f7281e33f09c864b98ae2b0784ba773) Importer(815301076,1909f56bfc062723c751e8b465ee728b)  -> (artifact id: 'e116a1d24c19f1eb6d8f2ce127a8c238') in 0.010587 seconds 
========================================================================
Received Import Request.
  Time since last request: 131.362081 seconds.
  path: Assets/99.Resource/150 Fantasy Skill Icons/Sprites/61-Poison-Ivy.png
  artifactKey: Guid(9cd41af4e897a4d74bf78fe2fce91b6e) Importer(815301076,1909f56bfc062723c751e8b465ee728b)
Start importing Assets/99.Resource/150 Fantasy Skill Icons/Sprites/61-Poison-Ivy.png using Guid(9cd41af4e897a4d74bf78fe2fce91b6e) Importer(815301076,1909f56bfc062723c751e8b465ee728b)  -> (artifact id: '1d3bb90ff25141fbe89e647de937ca8a') in 0.033592 seconds 
========================================================================
Received Import Request.
  Time since last request: 0.000026 seconds.
  path: Assets/Visual Design Cafe/Nature Shaders/Resources/GustNoise.tga
  artifactKey: Guid(b564ef71400a25f48a92b590802a9b99) Importer(815301076,1909f56bfc062723c751e8b465ee728b)
Start importing Assets/Visual Design Cafe/Nature Shaders/Resources/GustNoise.tga using Guid(b564ef71400a25f48a92b590802a9b99) Importer(815301076,1909f56bfc062723c751e8b465ee728b)  -> (artifact id: 'e314dec8d787450e28cb95c8418483ee') in 0.041712 seconds 
