Using pre-set license
Built from '2021.3/staging' branch; Version is '2021.3.20f1 (577897200b8b) revision 5732503'; Using compiler version '192829333'; Build Type 'Release'
OS: 'Windows 10  (10.0.19045) 64bit Professional' Language: 'ko' Physical Memory: 16194 MB
BatchMode: 1, IsHumanControllingUs: 0, StartBugReporterOnCrash: 0, Is64bit: 1, IsPro: 1

COMMAND LINE ARGUMENTS:
C:\Program Files\Unity\Hub\Editor\2021.3.20f1\Editor\Unity.exe
-adb2
-batchMode
-noUpm
-name
AssetImportWorker5
-projectPath
C:/Users/SGA/Desktop/국비김문주/unity/Unity3D/heightmap
-logFile
Logs/AssetImportWorker5.log
-srvPort
52756
Successfully changed project path to: C:/Users/SGA/Desktop/국비김문주/unity/Unity3D/heightmap
C:/Users/SGA/Desktop/국비김문주/unity/Unity3D/heightmap
[UnityMemory] Configuration Parameters - Can be set up in boot.config
    "memorysetup-bucket-allocator-granularity=16"
    "memorysetup-bucket-allocator-bucket-count=8"
    "memorysetup-bucket-allocator-block-size=33554432"
    "memorysetup-bucket-allocator-block-count=8"
    "memorysetup-main-allocator-block-size=16777216"
    "memorysetup-thread-allocator-block-size=16777216"
    "memorysetup-gfx-main-allocator-block-size=16777216"
    "memorysetup-gfx-thread-allocator-block-size=16777216"
    "memorysetup-cache-allocator-block-size=4194304"
    "memorysetup-typetree-allocator-block-size=2097152"
    "memorysetup-profiler-bucket-allocator-granularity=16"
    "memorysetup-profiler-bucket-allocator-bucket-count=8"
    "memorysetup-profiler-bucket-allocator-block-size=33554432"
    "memorysetup-profiler-bucket-allocator-block-count=8"
    "memorysetup-profiler-allocator-block-size=16777216"
    "memorysetup-profiler-editor-allocator-block-size=1048576"
    "memorysetup-temp-allocator-size-main=16777216"
    "memorysetup-job-temp-allocator-block-size=2097152"
    "memorysetup-job-temp-allocator-block-size-background=1048576"
    "memorysetup-job-temp-allocator-reduction-small-platforms=262144"
    "memorysetup-temp-allocator-size-background-worker=32768"
    "memorysetup-temp-allocator-size-job-worker=262144"
    "memorysetup-temp-allocator-size-preload-manager=33554432"
    "memorysetup-temp-allocator-size-nav-mesh-worker=65536"
    "memorysetup-temp-allocator-size-audio-worker=65536"
    "memorysetup-temp-allocator-size-cloud-worker=32768"
    "memorysetup-temp-allocator-size-gi-baking-worker=262144"
    "memorysetup-temp-allocator-size-gfx=262144"
Player connection [18088] Host "[IP] 192.168.0.102 [Port] 0 [Flags] 2 [Guid] 1010090768 [EditorId] 1010090768 [Version] 1048832 [Id] WindowsEditor(7,DESKTOP-HQKDT44) [Debug] 1 [PackageName] WindowsEditor [ProjectName] Editor" joined multi-casting on [225.0.0.222:54997]...

Player connection [18088] Host "[IP] 192.168.0.102 [Port] 0 [Flags] 2 [Guid] 1010090768 [EditorId] 1010090768 [Version] 1048832 [Id] WindowsEditor(7,DESKTOP-HQKDT44) [Debug] 1 [PackageName] WindowsEditor [ProjectName] Editor" joined alternative multi-casting on [225.0.0.222:34997]...

Refreshing native plugins compatible for Editor in 58.33 ms, found 3 plugins.
Preloading 0 native plugins for Editor in 0.00 ms.
Initialize engine version: 2021.3.20f1 (577897200b8b)
[Subsystems] Discovering subsystems at path C:/Program Files/Unity/Hub/Editor/2021.3.20f1/Editor/Data/Resources/UnitySubsystems
[Subsystems] Discovering subsystems at path C:/Users/SGA/Desktop/국비김문주/unity/Unity3D/heightmap/Assets
GfxDevice: creating device client; threaded=0; jobified=0
Direct3D:
    Version:  Direct3D 11.0 [level 11.1]
    Renderer: NVIDIA GeForce GTX 1650 (ID=0x1f82)
    Vendor:   NVIDIA
    VRAM:     3962 MB
    Driver:   31.0.15.1694
Initialize mono
Mono path[0] = 'C:/Program Files/Unity/Hub/Editor/2021.3.20f1/Editor/Data/Managed'
Mono path[1] = 'C:/Program Files/Unity/Hub/Editor/2021.3.20f1/Editor/Data/MonoBleedingEdge/lib/mono/unityjit-win32'
Mono config path = 'C:/Program Files/Unity/Hub/Editor/2021.3.20f1/Editor/Data/MonoBleedingEdge/etc'
Using monoOptions --debugger-agent=transport=dt_socket,embedding=1,server=y,suspend=n,address=127.0.0.1:56588
Begin MonoManager ReloadAssembly
Registering precompiled unity dll's ...
Register platform support module: C:/Program Files/Unity/Hub/Editor/2021.3.20f1/Editor/Data/PlaybackEngines/WindowsStandaloneSupport/UnityEditor.WindowsStandalone.Extensions.dll
Registered in 0.003715 seconds.
Native extension for WindowsStandalone target not found
Refreshing native plugins compatible for Editor in 54.39 ms, found 3 plugins.
Preloading 0 native plugins for Editor in 0.00 ms.
Mono: successfully reloaded assembly
- Completed reload, in  0.434 seconds
Domain Reload Profiling:
	ReloadAssembly (434ms)
		BeginReloadAssembly (61ms)
			ExecutionOrderSort (0ms)
			DisableScriptedObjects (0ms)
			BackupInstance (0ms)
			ReleaseScriptingObjects (0ms)
			CreateAndSetChildDomain (1ms)
		EndReloadAssembly (304ms)
			LoadAssemblies (59ms)
			RebuildTransferFunctionScriptingTraits (0ms)
			SetupTypeCache (69ms)
			ReleaseScriptCaches (0ms)
			RebuildScriptCaches (18ms)
			SetupLoadedEditorAssemblies (182ms)
				LogAssemblyErrors (0ms)
				InitializePlatformSupportModulesInManaged (6ms)
				SetLoadedEditorAssemblies (0ms)
				RefreshPlugins (54ms)
				BeforeProcessingInitializeOnLoad (1ms)
				ProcessInitializeOnLoadAttributes (87ms)
				ProcessInitializeOnLoadMethodAttributes (34ms)
				AfterProcessingInitializeOnLoad (0ms)
				EditorAssembliesLoaded (0ms)
			ExecutionOrderSort2 (0ms)
			AwakeInstancesAfterBackupRestoration (0ms)
Platform modules already initialized, skipping
Registering precompiled user dll's ...
Registered in 0.006321 seconds.
Begin MonoManager ReloadAssembly
Symbol file LoadedFromMemory doesn't match image C:\Users\SGA\Desktop\국비김문주\unity\Unity3D\heightmap\Library\PackageCache\com.unity.visualscripting@1.8.0\Editor\VisualScripting.Core\Dependencies\YamlDotNet\Unity.VisualScripting.YamlDotNet.dll
Symbol file LoadedFromMemory doesn't match image C:\Users\SGA\Desktop\국비김문주\unity\Unity3D\heightmap\Library\PackageCache\com.unity.visualscripting@1.8.0\Editor\VisualScripting.Core\Dependencies\DotNetZip\Unity.VisualScripting.IonicZip.dll
Native extension for WindowsStandalone target not found
Refreshing native plugins compatible for Editor in 63.88 ms, found 3 plugins.
Preloading 0 native plugins for Editor in 0.00 ms.
Mono: successfully reloaded assembly
- Completed reload, in  0.893 seconds
Domain Reload Profiling:
	ReloadAssembly (894ms)
		BeginReloadAssembly (83ms)
			ExecutionOrderSort (0ms)
			DisableScriptedObjects (4ms)
			BackupInstance (0ms)
			ReleaseScriptingObjects (0ms)
			CreateAndSetChildDomain (16ms)
		EndReloadAssembly (736ms)
			LoadAssemblies (64ms)
			RebuildTransferFunctionScriptingTraits (0ms)
			SetupTypeCache (185ms)
			ReleaseScriptCaches (0ms)
			RebuildScriptCaches (35ms)
			SetupLoadedEditorAssemblies (329ms)
				LogAssemblyErrors (0ms)
				InitializePlatformSupportModulesInManaged (3ms)
				SetLoadedEditorAssemblies (0ms)
				RefreshPlugins (64ms)
				BeforeProcessingInitializeOnLoad (60ms)
				ProcessInitializeOnLoadAttributes (160ms)
				ProcessInitializeOnLoadMethodAttributes (36ms)
				AfterProcessingInitializeOnLoad (4ms)
				EditorAssembliesLoaded (0ms)
			ExecutionOrderSort2 (0ms)
			AwakeInstancesAfterBackupRestoration (4ms)
Platform modules already initialized, skipping
========================================================================
Worker process is ready to serve import requests
Launched and connected shader compiler UnityShaderCompiler.exe after 0.02 seconds
Refreshing native plugins compatible for Editor in 0.44 ms, found 3 plugins.
Preloading 0 native plugins for Editor in 0.00 ms.
Unloading 3083 Unused Serialized files (Serialized files now loaded: 0)
Unloading 42 unused Assets / (1.8 MB). Loaded Objects now: 3578.
Memory consumption went from 136.6 MB to 134.7 MB.
Total: 2.284000 ms (FindLiveObjects: 0.158600 ms CreateObjectMapping: 0.066600 ms MarkObjects: 1.805800 ms  DeleteObjects: 0.252400 ms)

AssetImportParameters requested are different than current active one (requested -> active):
  custom:video-decoder-ogg-theora: a1e56fd34408186e4bbccfd4996cb3dc -> 
  custom:container-muxer-webm: aa71ff27fc2769a1b78a27578f13a17b -> 
  custom:container-demuxer-webm: 4f35f7cbe854078d1ac9338744f61a02 -> 
  custom:video-encoder-webm-vp8: eb34c28f22e8b96e1ab97ce403110664 -> 
  custom:audio-encoder-webm-vorbis: bf7c407c2cedff20999df2af8eb42d56 -> 
  custom:framework-win-MediaFoundation: 216162199b28c13a410421893ffa2e32 -> 
  custom:container-demuxer-ogg: 62fdf1f143b41e24485cea50d1cbac27 -> 
  custom:video-decoder-webm-vp8: 9c59270c3fd7afecdb556c50c9e8de78 -> 
  custom:audio-decoder-ogg-vorbis: bf7c407c2cedff20999df2af8eb42d56 -> 
========================================================================
Received Import Request.
  Time since last request: 13572.815091 seconds.
  path: Assets/TerrainData_41d87c8e-7e1b-4b45-ae5b-78c9721a75f5.asset
  artifactKey: Guid(e824fdfdb32a235498752a72befe8dff) Importer(815301076,1909f56bfc062723c751e8b465ee728b)
Start importing Assets/TerrainData_41d87c8e-7e1b-4b45-ae5b-78c9721a75f5.asset using Guid(e824fdfdb32a235498752a72befe8dff) Importer(815301076,1909f56bfc062723c751e8b465ee728b)  -> (artifact id: 'd3fc7dec62b3d2bceddbfbefcc5f7c92') in 0.059438 seconds 
========================================================================
Received Import Request.
  Time since last request: 0.000024 seconds.
  path: Assets/TerrainData_67b023f2-53d7-40dc-8871-8e2eafc845f0.asset
  artifactKey: Guid(df90c4e87b2c4f343a919d6cc7b0edc6) Importer(815301076,1909f56bfc062723c751e8b465ee728b)
Start importing Assets/TerrainData_67b023f2-53d7-40dc-8871-8e2eafc845f0.asset using Guid(df90c4e87b2c4f343a919d6cc7b0edc6) Importer(815301076,1909f56bfc062723c751e8b465ee728b)  -> (artifact id: '466d5cfe3b55e97a68e4dbf0d06a3af0') in 0.030807 seconds 
========================================================================
Received Import Request.
  Time since last request: 0.000027 seconds.
  path: Assets/TerrainData_399f3fd7-44e6-49c5-9568-a5cb47a32a40.asset
  artifactKey: Guid(61e8f18131d7c5547972bb8c844d75d7) Importer(815301076,1909f56bfc062723c751e8b465ee728b)
Start importing Assets/TerrainData_399f3fd7-44e6-49c5-9568-a5cb47a32a40.asset using Guid(61e8f18131d7c5547972bb8c844d75d7) Importer(815301076,1909f56bfc062723c751e8b465ee728b)  -> (artifact id: 'ca1b6396ed7c119ce22a2699990efa6a') in 0.012014 seconds 
========================================================================
Received Import Request.
  Time since last request: 0.000018 seconds.
  path: Assets/TerrainData_350eb9d7-bc19-4501-85e6-78d9ece32d7b.asset
  artifactKey: Guid(429e5ea020483d04aa1aa33ac8e97e9f) Importer(815301076,1909f56bfc062723c751e8b465ee728b)
Start importing Assets/TerrainData_350eb9d7-bc19-4501-85e6-78d9ece32d7b.asset using Guid(429e5ea020483d04aa1aa33ac8e97e9f) Importer(815301076,1909f56bfc062723c751e8b465ee728b)  -> (artifact id: '4627300ab957efcf37149d69caeaffcd') in 0.029528 seconds 
========================================================================
Received Import Request.
  Time since last request: 0.000016 seconds.
  path: Assets/TerrainData_252e0629-4fd8-472e-9be3-8c26422a0271.asset
  artifactKey: Guid(173f38b09b4a2f74180c2f87fa0ab01c) Importer(815301076,1909f56bfc062723c751e8b465ee728b)
Start importing Assets/TerrainData_252e0629-4fd8-472e-9be3-8c26422a0271.asset using Guid(173f38b09b4a2f74180c2f87fa0ab01c) Importer(815301076,1909f56bfc062723c751e8b465ee728b)  -> (artifact id: '8ac7887cab5d3a04768e3cf056d6cc87') in 0.011062 seconds 
========================================================================
Received Import Request.
  Time since last request: 0.285450 seconds.
  path: Assets/TerrainData_614a7877-3c42-4924-a64a-2877ab9bbee4.asset
  artifactKey: Guid(667993bc7bd7b54419d9c8fec420ba53) Importer(815301076,1909f56bfc062723c751e8b465ee728b)
Start importing Assets/TerrainData_614a7877-3c42-4924-a64a-2877ab9bbee4.asset using Guid(667993bc7bd7b54419d9c8fec420ba53) Importer(815301076,1909f56bfc062723c751e8b465ee728b)  -> (artifact id: '86b04fa12ed835f8b3ce68a0e45d41af') in 0.033093 seconds 
========================================================================
Received Import Request.
  Time since last request: 0.000015 seconds.
  path: Assets/TerrainData_2088f765-30b4-48dc-95b7-b068f89e19a3.asset
  artifactKey: Guid(6b4bdaa519dad4844b5118c97332c36a) Importer(815301076,1909f56bfc062723c751e8b465ee728b)
Start importing Assets/TerrainData_2088f765-30b4-48dc-95b7-b068f89e19a3.asset using Guid(6b4bdaa519dad4844b5118c97332c36a) Importer(815301076,1909f56bfc062723c751e8b465ee728b)  -> (artifact id: '2a5f99db84b0760c345a82681a1e1488') in 0.032727 seconds 
========================================================================
Received Import Request.
  Time since last request: 0.000020 seconds.
  path: Assets/TerrainData_722190cb-beb3-4cf1-915f-2b80f518c8ca.asset
  artifactKey: Guid(924e3055a15174c4e8067c6e8ffc9e1c) Importer(815301076,1909f56bfc062723c751e8b465ee728b)
Start importing Assets/TerrainData_722190cb-beb3-4cf1-915f-2b80f518c8ca.asset using Guid(924e3055a15174c4e8067c6e8ffc9e1c) Importer(815301076,1909f56bfc062723c751e8b465ee728b)  -> (artifact id: 'e7915c286c8d63eab26cabd501ce5a4f') in 0.030420 seconds 
========================================================================
Received Import Request.
  Time since last request: 0.000025 seconds.
  path: Assets/TerrainData_48699731-ab9f-4364-8d43-ffc1f9d25ccc.asset
  artifactKey: Guid(9f38674b0af04b44ea60e2fb4f0c49f1) Importer(815301076,1909f56bfc062723c751e8b465ee728b)
Start importing Assets/TerrainData_48699731-ab9f-4364-8d43-ffc1f9d25ccc.asset using Guid(9f38674b0af04b44ea60e2fb4f0c49f1) Importer(815301076,1909f56bfc062723c751e8b465ee728b)  -> (artifact id: 'fc8c9faf8995ad152e68c3731678335a') in 0.033864 seconds 
========================================================================
Received Import Request.
  Time since last request: 0.000017 seconds.
  path: Assets/TerrainData_90007c06-23f9-4c99-b10f-5e071b5ec37f.asset
  artifactKey: Guid(e36538d02344d82429327eed3ebee805) Importer(815301076,1909f56bfc062723c751e8b465ee728b)
Start importing Assets/TerrainData_90007c06-23f9-4c99-b10f-5e071b5ec37f.asset using Guid(e36538d02344d82429327eed3ebee805) Importer(815301076,1909f56bfc062723c751e8b465ee728b)  -> (artifact id: '5e023da90b7e730353b1fa28bed742c8') in 0.011740 seconds 
========================================================================
Received Import Request.
  Time since last request: 0.000016 seconds.
  path: Assets/TerrainData_9636e89a-fbbc-48bf-95c2-93bb2be511e5.asset
  artifactKey: Guid(84df28d19e5638e45b03da04d278ed33) Importer(815301076,1909f56bfc062723c751e8b465ee728b)
Start importing Assets/TerrainData_9636e89a-fbbc-48bf-95c2-93bb2be511e5.asset using Guid(84df28d19e5638e45b03da04d278ed33) Importer(815301076,1909f56bfc062723c751e8b465ee728b)  -> (artifact id: '623408829387a7b757db565bcddbbcdc') in 0.031690 seconds 
========================================================================
Received Import Request.
  Time since last request: 0.000017 seconds.
  path: Assets/TerrainData_80514cb5-e984-4146-a836-7e8cdb44d527.asset
  artifactKey: Guid(b19dc019179c3884fb85aa35b10309ca) Importer(815301076,1909f56bfc062723c751e8b465ee728b)
Start importing Assets/TerrainData_80514cb5-e984-4146-a836-7e8cdb44d527.asset using Guid(b19dc019179c3884fb85aa35b10309ca) Importer(815301076,1909f56bfc062723c751e8b465ee728b)  -> (artifact id: 'd18c31b05c44c9c054333d187fa963f6') in 0.030862 seconds 
========================================================================
Received Import Request.
  Time since last request: 5.456633 seconds.
  path: Assets/Visual Design Cafe/Nature Renderer Demo/Realistic/Art/Grass/Source Assets/Detailed Grass 01 LOD1.mat
  artifactKey: Guid(f692413a7eabe3e4f8312dacd24335e6) Importer(815301076,1909f56bfc062723c751e8b465ee728b)
Start importing Assets/Visual Design Cafe/Nature Renderer Demo/Realistic/Art/Grass/Source Assets/Detailed Grass 01 LOD1.mat using Guid(f692413a7eabe3e4f8312dacd24335e6) Importer(815301076,1909f56bfc062723c751e8b465ee728b)  -> (artifact id: 'ffe439fc7f0bd5e0e6e9260b692a3ece') in 0.439165 seconds 
========================================================================
Received Import Request.
  Time since last request: 0.000022 seconds.
  path: Assets/Visual Design Cafe/Nature Renderer/Resources/Nature Renderer Templates/Grass Patch Large.fbx
  artifactKey: Guid(1fecb7808d26bad4883e8ba13d4db2fe) Importer(815301076,1909f56bfc062723c751e8b465ee728b)
Start importing Assets/Visual Design Cafe/Nature Renderer/Resources/Nature Renderer Templates/Grass Patch Large.fbx using Guid(1fecb7808d26bad4883e8ba13d4db2fe) Importer(815301076,1909f56bfc062723c751e8b465ee728b)  -> (artifact id: 'f8da7ba6721e71d5ae6ae37bb2490927') in 0.450656 seconds 
Editor requested this worker to shutdown with reason: Scaling down because of idle timeout
AssetImportWorker is now disconnected from the server
Process exiting
Exiting without the bug reporter. Application will terminate with return code 0