Using pre-set license
Built from '2021.3/staging' branch; Version is '2021.3.19f1 (c9714fde33b6) revision 13201743'; Using compiler version '192829333'; Build Type 'Release'
OS: 'Windows 10  (10.0.19045) 64bit Professional' Language: 'ko' Physical Memory: 16194 MB
BatchMode: 1, IsHumanControllingUs: 0, StartBugReporterOnCrash: 0, Is64bit: 1, IsPro: 1

COMMAND LINE ARGUMENTS:
C:\Program Files\Unity\Hub\Editor\2021.3.19f1\Editor\Unity.exe
-adb2
-batchMode
-noUpm
-name
AssetImportWorker4
-projectPath
C:/Users/SGA/Desktop/국비김문주/unity/Unity3D/Unity3D
-logFile
Logs/AssetImportWorker4.log
-srvPort
51741
Successfully changed project path to: C:/Users/SGA/Desktop/국비김문주/unity/Unity3D/Unity3D
C:/Users/SGA/Desktop/국비김문주/unity/Unity3D/Unity3D
[UnityMemory] Configuration Parameters - Can be set up in boot.config
    "memorysetup-bucket-allocator-granularity=16"
    "memorysetup-bucket-allocator-bucket-count=8"
    "memorysetup-bucket-allocator-block-size=33554432"
    "memorysetup-bucket-allocator-block-count=8"
    "memorysetup-main-allocator-block-size=16777216"
    "memorysetup-thread-allocator-block-size=16777216"
    "memorysetup-gfx-main-allocator-block-size=16777216"
    "memorysetup-gfx-thread-allocator-block-size=16777216"
    "memorysetup-cache-allocator-block-size=4194304"
    "memorysetup-typetree-allocator-block-size=2097152"
    "memorysetup-profiler-bucket-allocator-granularity=16"
    "memorysetup-profiler-bucket-allocator-bucket-count=8"
    "memorysetup-profiler-bucket-allocator-block-size=33554432"
    "memorysetup-profiler-bucket-allocator-block-count=8"
    "memorysetup-profiler-allocator-block-size=16777216"
    "memorysetup-profiler-editor-allocator-block-size=1048576"
    "memorysetup-temp-allocator-size-main=16777216"
    "memorysetup-job-temp-allocator-block-size=2097152"
    "memorysetup-job-temp-allocator-block-size-background=1048576"
    "memorysetup-job-temp-allocator-reduction-small-platforms=262144"
    "memorysetup-temp-allocator-size-background-worker=32768"
    "memorysetup-temp-allocator-size-job-worker=262144"
    "memorysetup-temp-allocator-size-preload-manager=33554432"
    "memorysetup-temp-allocator-size-nav-mesh-worker=65536"
    "memorysetup-temp-allocator-size-audio-worker=65536"
    "memorysetup-temp-allocator-size-cloud-worker=32768"
    "memorysetup-temp-allocator-size-gi-baking-worker=262144"
    "memorysetup-temp-allocator-size-gfx=262144"
Player connection [17476] Host "[IP] 192.168.0.102 [Port] 0 [Flags] 2 [Guid] 2061214193 [EditorId] 2061214193 [Version] 1048832 [Id] WindowsEditor(7,DESKTOP-HQKDT44) [Debug] 1 [PackageName] WindowsEditor [ProjectName] Editor" joined multi-casting on [225.0.0.222:54997]...

Player connection [17476] Host "[IP] 192.168.0.102 [Port] 0 [Flags] 2 [Guid] 2061214193 [EditorId] 2061214193 [Version] 1048832 [Id] WindowsEditor(7,DESKTOP-HQKDT44) [Debug] 1 [PackageName] WindowsEditor [ProjectName] Editor" joined alternative multi-casting on [225.0.0.222:34997]...

Refreshing native plugins compatible for Editor in 54.07 ms, found 3 plugins.
Preloading 0 native plugins for Editor in 0.00 ms.
Initialize engine version: 2021.3.19f1 (c9714fde33b6)
[Subsystems] Discovering subsystems at path C:/Program Files/Unity/Hub/Editor/2021.3.19f1/Editor/Data/Resources/UnitySubsystems
[Subsystems] Discovering subsystems at path C:/Users/SGA/Desktop/국비김문주/unity/Unity3D/Unity3D/Assets
GfxDevice: creating device client; threaded=0; jobified=0
Direct3D:
    Version:  Direct3D 11.0 [level 11.1]
    Renderer: NVIDIA GeForce GTX 1650 (ID=0x1f82)
    Vendor:   NVIDIA
    VRAM:     3962 MB
    Driver:   31.0.15.1694
Initialize mono
Mono path[0] = 'C:/Program Files/Unity/Hub/Editor/2021.3.19f1/Editor/Data/Managed'
Mono path[1] = 'C:/Program Files/Unity/Hub/Editor/2021.3.19f1/Editor/Data/MonoBleedingEdge/lib/mono/unityjit-win32'
Mono config path = 'C:/Program Files/Unity/Hub/Editor/2021.3.19f1/Editor/Data/MonoBleedingEdge/etc'
Using monoOptions --debugger-agent=transport=dt_socket,embedding=1,server=y,suspend=n,address=127.0.0.1:56312
Begin MonoManager ReloadAssembly
Registering precompiled unity dll's ...
Register platform support module: C:/Program Files/Unity/Hub/Editor/2021.3.19f1/Editor/Data/PlaybackEngines/WindowsStandaloneSupport/UnityEditor.WindowsStandalone.Extensions.dll
Registered in 0.003613 seconds.
Native extension for WindowsStandalone target not found
Refreshing native plugins compatible for Editor in 50.50 ms, found 3 plugins.
Preloading 0 native plugins for Editor in 0.00 ms.
Mono: successfully reloaded assembly
- Completed reload, in  0.429 seconds
Domain Reload Profiling:
	ReloadAssembly (429ms)
		BeginReloadAssembly (51ms)
			ExecutionOrderSort (0ms)
			DisableScriptedObjects (0ms)
			BackupInstance (0ms)
			ReleaseScriptingObjects (0ms)
			CreateAndSetChildDomain (1ms)
		EndReloadAssembly (300ms)
			LoadAssemblies (49ms)
			RebuildTransferFunctionScriptingTraits (0ms)
			SetupTypeCache (73ms)
			ReleaseScriptCaches (0ms)
			RebuildScriptCaches (19ms)
			SetupLoadedEditorAssemblies (172ms)
				LogAssemblyErrors (0ms)
				InitializePlatformSupportModulesInManaged (6ms)
				SetLoadedEditorAssemblies (0ms)
				RefreshPlugins (51ms)
				BeforeProcessingInitializeOnLoad (1ms)
				ProcessInitializeOnLoadAttributes (83ms)
				ProcessInitializeOnLoadMethodAttributes (32ms)
				AfterProcessingInitializeOnLoad (0ms)
				EditorAssembliesLoaded (0ms)
			ExecutionOrderSort2 (0ms)
			AwakeInstancesAfterBackupRestoration (0ms)
Platform modules already initialized, skipping
Registering precompiled user dll's ...
Registered in 0.006684 seconds.
Begin MonoManager ReloadAssembly
Symbol file LoadedFromMemory doesn't match image C:\Users\SGA\Desktop\국비김문주\unity\Unity3D\Unity3D\Library\PackageCache\com.unity.visualscripting@1.8.0\Editor\VisualScripting.Core\Dependencies\YamlDotNet\Unity.VisualScripting.YamlDotNet.dll
Symbol file LoadedFromMemory doesn't match image C:\Users\SGA\Desktop\국비김문주\unity\Unity3D\Unity3D\Library\PackageCache\com.unity.visualscripting@1.8.0\Editor\VisualScripting.Core\Dependencies\DotNetZip\Unity.VisualScripting.IonicZip.dll
Native extension for WindowsStandalone target not found
Refreshing native plugins compatible for Editor in 57.40 ms, found 3 plugins.
Preloading 0 native plugins for Editor in 0.00 ms.
Mono: successfully reloaded assembly
- Completed reload, in  0.853 seconds
Domain Reload Profiling:
	ReloadAssembly (854ms)
		BeginReloadAssembly (73ms)
			ExecutionOrderSort (0ms)
			DisableScriptedObjects (4ms)
			BackupInstance (0ms)
			ReleaseScriptingObjects (0ms)
			CreateAndSetChildDomain (13ms)
		EndReloadAssembly (698ms)
			LoadAssemblies (55ms)
			RebuildTransferFunctionScriptingTraits (0ms)
			SetupTypeCache (172ms)
			ReleaseScriptCaches (0ms)
			RebuildScriptCaches (32ms)
			SetupLoadedEditorAssemblies (312ms)
				LogAssemblyErrors (0ms)
				InitializePlatformSupportModulesInManaged (3ms)
				SetLoadedEditorAssemblies (0ms)
				RefreshPlugins (57ms)
				BeforeProcessingInitializeOnLoad (59ms)
				ProcessInitializeOnLoadAttributes (153ms)
				ProcessInitializeOnLoadMethodAttributes (36ms)
				AfterProcessingInitializeOnLoad (4ms)
				EditorAssembliesLoaded (0ms)
			ExecutionOrderSort2 (0ms)
			AwakeInstancesAfterBackupRestoration (4ms)
Platform modules already initialized, skipping
========================================================================
Worker process is ready to serve import requests
Launched and connected shader compiler UnityShaderCompiler.exe after 0.02 seconds
Refreshing native plugins compatible for Editor in 0.42 ms, found 3 plugins.
Preloading 0 native plugins for Editor in 0.00 ms.
Unloading 3093 Unused Serialized files (Serialized files now loaded: 0)
Unloading 42 unused Assets / (1.8 MB). Loaded Objects now: 3590.
Memory consumption went from 141.5 MB to 139.7 MB.
Total: 2.316600 ms (FindLiveObjects: 0.163700 ms CreateObjectMapping: 0.071600 ms MarkObjects: 1.841000 ms  DeleteObjects: 0.239600 ms)

AssetImportParameters requested are different than current active one (requested -> active):
  custom:video-decoder-ogg-theora: a1e56fd34408186e4bbccfd4996cb3dc -> 
  custom:container-muxer-webm: aa71ff27fc2769a1b78a27578f13a17b -> 
  custom:container-demuxer-webm: 4f35f7cbe854078d1ac9338744f61a02 -> 
  custom:video-encoder-webm-vp8: eb34c28f22e8b96e1ab97ce403110664 -> 
  custom:audio-encoder-webm-vorbis: bf7c407c2cedff20999df2af8eb42d56 -> 
  custom:framework-win-MediaFoundation: 216162199b28c13a410421893ffa2e32 -> 
  custom:container-demuxer-ogg: 62fdf1f143b41e24485cea50d1cbac27 -> 
  custom:video-decoder-webm-vp8: 9c59270c3fd7afecdb556c50c9e8de78 -> 
  custom:audio-decoder-ogg-vorbis: bf7c407c2cedff20999df2af8eb42d56 -> 
========================================================================
Received Import Request.
  Time since last request: 11723.707659 seconds.
  path: Assets/NewBrush.brush
  artifactKey: Guid(72bf92700f7591d4d87e9289c06fc225) Importer(815301076,1909f56bfc062723c751e8b465ee728b)
Start importing Assets/NewBrush.brush using Guid(72bf92700f7591d4d87e9289c06fc225) Importer(815301076,1909f56bfc062723c751e8b465ee728b) WayPointEditor uses the CustomEditor attribute but does not inherit from Editor.
You must inherit from Editor. See the Editor class script documentation.
UnityEngine.StackTraceUtility:ExtractStackTrace ()
UnityEngine.DebugLogHandler:LogFormat (UnityEngine.LogType,UnityEngine.Object,string,object[])
UnityEngine.Logger:Log (UnityEngine.LogType,object)
UnityEngine.Debug:LogWarning (object)
UnityEditor.CustomEditorAttributes:Rebuild ()
UnityEditor.CustomEditorAttributes:FindCustomEditorTypeByType (System.Type,bool)
UnityEditor.CustomEditorAttributes:FindCustomEditorType (UnityEngine.Object,bool)
UnityEditor.AssetPreviewUpdater:CreatePreview (UnityEngine.Object,UnityEngine.Object[],string,int,int)
UnityEditor.AssetPreviewUpdater:CreatePreviewForAsset (UnityEngine.Object,UnityEngine.Object[],string)

 -> (artifact id: '00d4337ce409d313441ebb6559206a3d') in 0.063694 seconds 
========================================================================
Received Import Request.
  Time since last request: 15.702264 seconds.
  path: Assets/Visual Design Cafe/Nature Renderer Demo/Realistic/Art/Ground/Cliff_Mossy_E.terrainlayer
  artifactKey: Guid(7ba7a711695a4904a86967c335f59fc9) Importer(815301076,1909f56bfc062723c751e8b465ee728b)
Start importing Assets/Visual Design Cafe/Nature Renderer Demo/Realistic/Art/Ground/Cliff_Mossy_E.terrainlayer using Guid(7ba7a711695a4904a86967c335f59fc9) Importer(815301076,1909f56bfc062723c751e8b465ee728b)  -> (artifact id: '9d6a2eb36db4c094d50be4b2893d7cb1') in 0.044426 seconds 
========================================================================
Received Import Request.
  Time since last request: 27.240741 seconds.
  path: Assets/Visual Design Cafe/Nature Renderer Demo/Realistic/Art/Ground/Source Assets/Heather_A_BaseColor.tif
  artifactKey: Guid(87735acf16005914dba9087627517773) Importer(815301076,1909f56bfc062723c751e8b465ee728b)
Start importing Assets/Visual Design Cafe/Nature Renderer Demo/Realistic/Art/Ground/Source Assets/Heather_A_BaseColor.tif using Guid(87735acf16005914dba9087627517773) Importer(815301076,1909f56bfc062723c751e8b465ee728b)  -> (artifact id: '29f423f2bc902c6229372fa07b82630b') in 0.047806 seconds 
========================================================================
Received Import Request.
  Time since last request: 1.027452 seconds.
  path: Assets/Visual Design Cafe/Nature Renderer Demo/Realistic/Art/Ground/Source Assets/Heather_A_Normal.tif
  artifactKey: Guid(c8b8fa1b153cfd3428c4c5c2fded152e) Importer(815301076,1909f56bfc062723c751e8b465ee728b)
Start importing Assets/Visual Design Cafe/Nature Renderer Demo/Realistic/Art/Ground/Source Assets/Heather_A_Normal.tif using Guid(c8b8fa1b153cfd3428c4c5c2fded152e) Importer(815301076,1909f56bfc062723c751e8b465ee728b)  -> (artifact id: '890c597af642180e0fc04191fbc5323b') in 0.023644 seconds 
========================================================================
Received Import Request.
  Time since last request: 117.044374 seconds.
  path: Assets/Visual Design Cafe/Nature Renderer Demo/Realistic/Art/Ground/Source Assets/Pebbles_B_Albedo.tif
  artifactKey: Guid(96a97b0ab56f58b458314ccf0f97c004) Importer(815301076,1909f56bfc062723c751e8b465ee728b)
Start importing Assets/Visual Design Cafe/Nature Renderer Demo/Realistic/Art/Ground/Source Assets/Pebbles_B_Albedo.tif using Guid(96a97b0ab56f58b458314ccf0f97c004) Importer(815301076,1909f56bfc062723c751e8b465ee728b)  -> (artifact id: 'ae86d5032453809280a90771db58fef6') in 0.018389 seconds 
========================================================================
Received Import Request.
  Time since last request: 0.932447 seconds.
  path: Assets/Visual Design Cafe/Nature Renderer Demo/Realistic/Art/Ground/Source Assets/Pebbles_B_Normal.tif
  artifactKey: Guid(2ea16f9d1e8faf04caea6ec793c32ece) Importer(815301076,1909f56bfc062723c751e8b465ee728b)
Start importing Assets/Visual Design Cafe/Nature Renderer Demo/Realistic/Art/Ground/Source Assets/Pebbles_B_Normal.tif using Guid(2ea16f9d1e8faf04caea6ec793c32ece) Importer(815301076,1909f56bfc062723c751e8b465ee728b)  -> (artifact id: 'f6579e17e0cea7dc420ecdb0a5f8cbdb') in 0.015848 seconds 
========================================================================
Received Import Request.
  Time since last request: 37.466574 seconds.
  path: Assets/Visual Design Cafe/Nature Renderer Demo/Realistic/Art/Ground/Source Assets/Cliff_Mossy_E_BaseColor.tif
  artifactKey: Guid(13ec2ae26109ecb4f91cd9bec9ffa408) Importer(815301076,1909f56bfc062723c751e8b465ee728b)
Start importing Assets/Visual Design Cafe/Nature Renderer Demo/Realistic/Art/Ground/Source Assets/Cliff_Mossy_E_BaseColor.tif using Guid(13ec2ae26109ecb4f91cd9bec9ffa408) Importer(815301076,1909f56bfc062723c751e8b465ee728b)  -> (artifact id: 'a5c69de87212313d602f4af2965432e1') in 0.013252 seconds 
========================================================================
Received Import Request.
  Time since last request: 2698.090730 seconds.
  path: Assets/Visual Design Cafe/Nature Renderer Demo/Realistic/Art/Ground/Source Assets/Cliff_Mossy_E_MaskMap.tif
  artifactKey: Guid(277e3d1ae6cb56146a8f11b748631101) Importer(815301076,1909f56bfc062723c751e8b465ee728b)
Start importing Assets/Visual Design Cafe/Nature Renderer Demo/Realistic/Art/Ground/Source Assets/Cliff_Mossy_E_MaskMap.tif using Guid(277e3d1ae6cb56146a8f11b748631101) Importer(815301076,1909f56bfc062723c751e8b465ee728b)  -> (artifact id: '258c26d3ef6d7e09659042862429747c') in 0.034876 seconds 
========================================================================
Received Prepare
Registering precompiled user dll's ...
Registered in 0.006331 seconds.
Begin MonoManager ReloadAssembly
Symbol file LoadedFromMemory doesn't match image C:\Users\SGA\Desktop\국비김문주\unity\Unity3D\Unity3D\Library\PackageCache\com.unity.visualscripting@1.8.0\Editor\VisualScripting.Core\Dependencies\YamlDotNet\Unity.VisualScripting.YamlDotNet.dll
Symbol file LoadedFromMemory doesn't match image C:\Users\SGA\Desktop\국비김문주\unity\Unity3D\Unity3D\Library\PackageCache\com.unity.visualscripting@1.8.0\Editor\VisualScripting.Core\Dependencies\DotNetZip\Unity.VisualScripting.IonicZip.dll
Native extension for WindowsStandalone target not found
Refreshing native plugins compatible for Editor in 0.69 ms, found 3 plugins.
Preloading 0 native plugins for Editor in 0.00 ms.
Mono: successfully reloaded assembly
- Completed reload, in  0.909 seconds
Domain Reload Profiling:
	ReloadAssembly (909ms)
		BeginReloadAssembly (117ms)
			ExecutionOrderSort (0ms)
			DisableScriptedObjects (3ms)
			BackupInstance (0ms)
			ReleaseScriptingObjects (0ms)
			CreateAndSetChildDomain (42ms)
		EndReloadAssembly (722ms)
			LoadAssemblies (59ms)
			RebuildTransferFunctionScriptingTraits (0ms)
			SetupTypeCache (195ms)
			ReleaseScriptCaches (1ms)
			RebuildScriptCaches (28ms)
			SetupLoadedEditorAssemblies (258ms)
				LogAssemblyErrors (0ms)
				InitializePlatformSupportModulesInManaged (11ms)
				SetLoadedEditorAssemblies (1ms)
				RefreshPlugins (1ms)
				BeforeProcessingInitializeOnLoad (45ms)
				ProcessInitializeOnLoadAttributes (154ms)
				ProcessInitializeOnLoadMethodAttributes (40ms)
				AfterProcessingInitializeOnLoad (6ms)
				EditorAssembliesLoaded (0ms)
			ExecutionOrderSort2 (0ms)
			AwakeInstancesAfterBackupRestoration (4ms)
Platform modules already initialized, skipping
Refreshing native plugins compatible for Editor in 2.44 ms, found 3 plugins.
Preloading 0 native plugins for Editor in 0.00 ms.
Unloading 3079 Unused Serialized files (Serialized files now loaded: 0)
Unloading 35 unused Assets / (1.8 MB). Loaded Objects now: 3606.
Memory consumption went from 146.1 MB to 144.3 MB.
Total: 3.858900 ms (FindLiveObjects: 0.247400 ms CreateObjectMapping: 0.159500 ms MarkObjects: 3.115700 ms  DeleteObjects: 0.334700 ms)

AssetImportParameters requested are different than current active one (requested -> active):
  custom:video-decoder-ogg-theora: a1e56fd34408186e4bbccfd4996cb3dc -> 
  custom:container-muxer-webm: aa71ff27fc2769a1b78a27578f13a17b -> 
  custom:container-demuxer-webm: 4f35f7cbe854078d1ac9338744f61a02 -> 
  custom:video-encoder-webm-vp8: eb34c28f22e8b96e1ab97ce403110664 -> 
  custom:audio-encoder-webm-vorbis: bf7c407c2cedff20999df2af8eb42d56 -> 
  custom:framework-win-MediaFoundation: 216162199b28c13a410421893ffa2e32 -> 
  custom:container-demuxer-ogg: 62fdf1f143b41e24485cea50d1cbac27 -> 
  custom:video-decoder-webm-vp8: 9c59270c3fd7afecdb556c50c9e8de78 -> 
  custom:audio-decoder-ogg-vorbis: bf7c407c2cedff20999df2af8eb42d56 -> 
